{
    "core_0": [
        2200.0,
        2200.0,
        2200.0,
        3909.268,
        3919.371,
        4194.456,
        3391.998,
        2200.0,
        2200.0,
        3878.472,
        3908.188,
        3948.976,
        3878.088
    ],
    "core_1": [
        2200.0,
        2200.0,
        3952.015,
        2200.0,
        3919.016,
        4194.457,
        3899.352,
        3941.321,
        3228.252,
        3878.459,
        3908.223,
        2200.0,
        3878.106
    ],
    "core_2": [
        2800.0,
        2200.0,
        3952.005,
        3909.285,
        3919.013,
        3398.691,
        3899.35,
        3911.793,
        4038.633,
        3878.449,
        2200.0,
        4081.499,
        3956.767
    ],
    "core_3": [
        4538.975,
        2200.0,
        3839.189,
        3912.637,
        3904.915,
        2800.0,
        3899.335,
        3911.967,
        4038.643,
        2200.0,
        3908.325,
        4081.518,
        3878.152
    ],
    "core_4": [
        2200.0,
        3712.582,
        3951.983,
        3909.308,
        3919.008,
        4194.449,
        4013.146,
        3912.03,
        4038.645,
        3878.418,
        3908.352,
        4081.525,
        3846.616
    ],
    "core_5": [
        2200.0,
        2200.0,
        3951.971,
        3909.318,
        3919.009,
        4194.449,
        3899.318,
        3912.15,
        4038.646,
        3878.401,
        3781.458,
        4081.536,
        2200.0
    ],
    "core_6": [
        2200.0,
        2200.0,
        3946.493,
        3909.326,
        2800.0,
        4194.446,
        3873.571,
        3716.516,
        4038.65,
        3878.392,
        3908.425,
        4040.165,
        3878.191
    ],
    "core_7": [
        2200.0,
        2200.0,
        3951.954,
        3909.344,
        3919.001,
        4194.443,
        3899.305,
        3912.338,
        3700.0,
        3873.988,
        3700.0,
        3938.295,
        2200.0
    ],
    "core_8": [
        2200.0,
        2200.0,
        3947.822,
        3909.345,
        3919.003,
        3700.0,
        3899.3,
        3912.403,
        4038.656,
        2200.0,
        3720.588,
        4081.561,
        3878.227
    ],
    "core_9": [
        2200.0,
        4641.362,
        2200.0,
        3909.36,
        3783.982,
        3925.352,
        3899.293,
        3912.517,
        4038.662,
        3878.352,
        3908.55,
        2200.0,
        3878.247
    ],
    "core_10": [
        3632.863,
        2200.0,
        3951.992,
        2200.0,
        3919.002,
        4194.438,
        3700.0,
        3912.58,
        2200.0,
        3878.346,
        3908.574,
        4081.579,
        3795.501
    ],
    "core_11": [
        2800.0,
        2200.0,
        3952.008,
        3909.376,
        2200.0,
        3986.676,
        2200.0,
        2200.0,
        4038.667,
        3878.329,
        3889.504,
        4081.588,
        3878.278
    ]
}