{
    "core_0": [
        3701.412,
        2200.0,
        2200.0,
        2200.0,
        2200.0,
        4082.062,
        4091.927,
        2200.0,
        3988.295,
        3979.8,
        3940.428,
        3700.0,
        2200.0,
        2200.0,
        3928.53
    ],
    "core_1": [
        2200.0,
        2200.0,
        2200.0,
        3907.098,
        3447.836,
        2200.0,
        3983.068,
        3499.232,
        3953.484,
        3514.769,
        2200.0,
        3700.0,
        4238.184,
        2200.0,
        2200.0
    ],
    "core_2": [
        2200.0,
        2200.0,
        3996.728,
        4001.991,
        3956.86,
        3700.0,
        4296.218,
        3700.0,
        3921.386,
        3700.0,
        3975.784,
        4173.835,
        4102.18,
        3700.0,
        3958.962
    ],
    "core_3": [
        2800.0,
        2200.0,
        3996.721,
        4001.972,
        3956.883,
        4391.83,
        4034.916,
        3943.04,
        3919.742,
        3416.341,
        3872.401,
        4174.01,
        4238.193,
        4322.944,
        3700.0
    ],
    "core_4": [
        2200.0,
        2200.0,
        3996.714,
        3658.568,
        3700.0,
        4391.826,
        4296.21,
        3943.02,
        3919.737,
        3965.528,
        3940.32,
        2200.0,
        4238.197,
        3700.0,
        3857.071
    ],
    "core_5": [
        2200.0,
        2200.0,
        2200.0,
        4001.955,
        4101.323,
        4391.831,
        4296.204,
        3942.981,
        3919.735,
        3965.486,
        4047.631,
        3996.525,
        4239.212,
        3700.0,
        3928.455
    ],
    "core_6": [
        2200.0,
        2200.0,
        3996.705,
        4001.95,
        3956.916,
        4005.341,
        3700.0,
        3942.96,
        3919.731,
        3651.092,
        3940.271,
        4174.234,
        4238.204,
        3700.0,
        3928.447
    ],
    "core_7": [
        2200.0,
        2200.0,
        3996.7,
        2800.0,
        3869.5,
        3868.179,
        3988.628,
        3794.143,
        2800.0,
        2800.0,
        3940.239,
        3897.072,
        4238.205,
        3454.817,
        3928.431
    ],
    "core_8": [
        4613.777,
        4637.621,
        3996.697,
        4001.931,
        3700.0,
        3984.722,
        4296.193,
        4030.208,
        3919.727,
        3905.363,
        3700.0,
        2200.0,
        2200.0,
        2200.0,
        3700.0
    ],
    "core_9": [
        2200.0,
        2200.0,
        3992.029,
        2200.0,
        3956.955,
        2200.0,
        3700.0,
        2200.0,
        3919.721,
        2200.0,
        3813.16,
        4174.493,
        2200.0,
        2200.0,
        3929.339
    ],
    "core_10": [
        2200.0,
        3870.398,
        3700.0,
        2200.0,
        4108.247,
        4391.83,
        3700.0,
        2200.0,
        3700.0,
        3965.334,
        2200.0,
        4174.554,
        2200.0,
        2200.0,
        2200.0
    ],
    "core_11": [
        2200.0,
        2200.0,
        3996.685,
        3992.66,
        2200.0,
        2200.0,
        2200.0,
        3942.804,
        2200.0,
        2200.0,
        3700.0,
        4199.874,
        4238.221,
        4322.907,
        3919.09
    ]
}