{
    "core_0": [
        2769.568,
        2200.0,
        3662.196,
        3701.089,
        3698.805,
        3712.575,
        3691.876,
        2200.0,
        2200.0,
        3690.811,
        2200.0,
        3690.602,
        2800.0,
        3691.227,
        3692.756
    ],
    "core_1": [
        2200.0,
        3711.42,
        2200.0,
        2200.0,
        2200.0,
        2200.0,
        2200.0,
        2200.0,
        2200.0,
        2200.0,
        2200.0,
        2200.0,
        3712.868,
        2200.0,
        2200.0
    ],
    "core_2": [
        3700.0,
        2200.0,
        2200.0,
        4625.97,
        4629.159,
        4641.363,
        4616.414,
        2200.0,
        4616.408,
        2200.0,
        2200.0,
        2200.0,
        4641.362,
        2200.0,
        2200.0
    ],
    "core_3": [
        2200.0,
        4641.36,
        2200.0,
        2200.0,
        2200.0,
        2200.0,
        2200.0,
        2200.0,
        2200.0,
        2200.0,
        2200.0,
        2200.0,
        2200.0,
        2200.0,
        2200.0
    ],
    "core_4": [
        2200.0,
        2200.0,
        2200.0,
        2200.0,
        2200.0,
        2200.0,
        2200.0,
        2200.0,
        2200.0,
        2200.0,
        2200.0,
        2200.0,
        2200.0,
        2200.0,
        2200.0
    ],
    "core_5": [
        2200.0,
        2200.0,
        2200.0,
        2200.0,
        2200.0,
        2200.0,
        2200.0,
        2200.0,
        2200.0,
        2200.0,
        2200.0,
        2200.0,
        2200.0,
        2200.0,
        2200.0
    ],
    "core_6": [
        3698.782,
        2200.0,
        2200.0,
        2200.0,
        2200.0,
        2200.0,
        2200.0,
        3691.372,
        3692.339,
        2200.0,
        3692.058,
        2200.0,
        2200.0,
        2200.0,
        2200.0
    ],
    "core_7": [
        3700.0,
        2200.0,
        2200.0,
        2200.0,
        2200.0,
        2200.0,
        2200.0,
        2200.0,
        2200.0,
        2200.0,
        2200.0,
        2200.0,
        2200.0,
        2200.0,
        2200.0
    ],
    "core_8": [
        3009.931,
        2200.0,
        2200.0,
        2200.0,
        2200.0,
        2200.0,
        2200.0,
        4617.853,
        2200.0,
        4616.409,
        4616.41,
        4616.409,
        2200.0,
        4613.532,
        4616.408
    ],
    "core_9": [
        2200.0,
        2200.0,
        4573.411,
        2200.0,
        2200.0,
        2200.0,
        2200.0,
        2200.0,
        2200.0,
        2200.0,
        2200.0,
        2200.0,
        2200.0,
        2200.0,
        2200.0
    ],
    "core_10": [
        3700.0,
        2200.0,
        2200.0,
        2800.0,
        2200.0,
        2200.0,
        2200.0,
        2200.0,
        2200.0,
        2200.0,
        2200.0,
        2200.0,
        2200.0,
        2200.0,
        2200.0
    ],
    "core_11": [
        2200.0,
        2200.0,
        2200.0,
        2200.0,
        2200.0,
        2200.0,
        2200.0,
        2200.0,
        2200.0,
        2200.0,
        2200.0,
        2200.0,
        2200.0,
        2200.0,
        2200.0
    ]
}