{
    "core_0": [
        3700.0,
        4526.464,
        4001.681,
        3952.571,
        3940.213,
        3700.0,
        4032.554,
        4005.638,
        2200.0,
        4018.483,
        3904.783,
        4346.489,
        2200.0,
        3891.386
    ],
    "core_1": [
        2200.0,
        2200.0,
        3983.687,
        3959.838,
        3940.215,
        4252.101,
        3700.0,
        2200.0,
        3700.0,
        4282.994,
        3599.906,
        4346.266,
        4158.588,
        3891.389
    ],
    "core_2": [
        2200.0,
        2200.0,
        3700.0,
        3959.846,
        2200.0,
        2200.0,
        3948.828,
        3897.644,
        3945.774,
        4282.982,
        2200.0,
        3972.493,
        4158.595,
        3960.223
    ],
    "core_3": [
        2200.0,
        2200.0,
        4001.535,
        3167.892,
        3700.0,
        3700.0,
        3906.826,
        3897.635,
        4307.819,
        3700.0,
        3904.743,
        3939.465,
        4161.987,
        4013.681
    ],
    "core_4": [
        2800.0,
        2200.0,
        3737.02,
        3959.871,
        3940.222,
        3700.0,
        3906.812,
        3897.639,
        3953.255,
        4282.953,
        3904.735,
        3700.0,
        3987.975,
        3891.391
    ],
    "core_5": [
        2200.0,
        2200.0,
        4001.455,
        3959.883,
        3940.225,
        4252.423,
        3906.79,
        3897.666,
        4307.94,
        4282.932,
        3904.721,
        4345.221,
        4158.627,
        3891.396
    ],
    "core_6": [
        3849.352,
        2200.0,
        4001.428,
        3959.892,
        3940.227,
        3700.0,
        3821.834,
        3700.0,
        2200.0,
        3700.0,
        3904.714,
        2200.0,
        4158.636,
        3891.394
    ],
    "core_7": [
        4233.599,
        2200.0,
        4001.375,
        3959.902,
        3940.229,
        4252.562,
        4004.285,
        3593.507,
        4308.069,
        4282.906,
        3517.421,
        3700.0,
        4158.646,
        3962.519
    ],
    "core_8": [
        3618.928,
        3631.747,
        4098.095,
        3700.0,
        4002.558,
        4252.612,
        3700.0,
        2200.0,
        4190.45,
        4269.556,
        3902.724,
        3826.033,
        4158.655,
        3700.0
    ],
    "core_9": [
        2200.0,
        2200.0,
        4001.296,
        2800.0,
        3282.707,
        4237.161,
        3906.726,
        3897.749,
        3700.0,
        3833.891,
        3904.681,
        4344.394,
        4158.669,
        3891.4
    ],
    "core_10": [
        2800.0,
        2200.0,
        2200.0,
        3959.927,
        2200.0,
        2200.0,
        3906.712,
        3905.71,
        2200.0,
        4282.897,
        2200.0,
        3952.361,
        3700.0,
        2200.0
    ],
    "core_11": [
        2200.0,
        2200.0,
        2200.0,
        2200.0,
        4017.513,
        4252.806,
        2200.0,
        3897.793,
        2200.0,
        2800.0,
        3700.0,
        3994.905,
        2200.0,
        3700.0
    ]
}