{
    "core_0": [
        3836.951,
        2200.0,
        2200.0,
        2200.0,
        2200.0,
        2200.0,
        2200.0,
        3499.784,
        3497.49,
        3510.891,
        2200.0,
        2200.0,
        2200.0,
        3498.685,
        3474.998,
        3517.998,
        2200.0,
        2200.0
    ],
    "core_1": [
        2200.0,
        2200.0,
        4456.13,
        2200.0,
        4412.739,
        4391.823,
        4379.532,
        2200.0,
        2200.0,
        2200.0,
        4438.333,
        4391.827,
        4391.829,
        2200.0,
        4352.615,
        4408.111,
        2200.0,
        4370.568
    ],
    "core_2": [
        2200.0,
        2200.0,
        4456.138,
        4426.478,
        2200.0,
        2200.0,
        4379.526,
        4373.265,
        2200.0,
        4391.825,
        4438.298,
        4391.824,
        4391.827,
        2200.0,
        2200.0,
        4408.099,
        3519.574,
        2200.0
    ],
    "core_3": [
        2200.0,
        2200.0,
        2200.0,
        2200.0,
        2200.0,
        2200.0,
        2200.0,
        2200.0,
        2200.0,
        2200.0,
        2200.0,
        4326.007,
        2200.0,
        4365.841,
        2200.0,
        2200.0,
        4406.637,
        2200.0
    ],
    "core_4": [
        3466.27,
        2200.0,
        4456.162,
        4426.452,
        2200.0,
        2200.0,
        2200.0,
        2200.0,
        4376.738,
        4391.826,
        4438.19,
        4391.828,
        4391.826,
        4365.855,
        2200.0,
        2200.0,
        2200.0,
        2200.0
    ],
    "core_5": [
        2200.0,
        2200.0,
        3559.907,
        2200.0,
        2200.0,
        2200.0,
        4379.484,
        4373.322,
        4376.727,
        4391.826,
        2200.0,
        2200.0,
        3511.121,
        2200.0,
        2200.0,
        2200.0,
        2200.0,
        2200.0
    ],
    "core_6": [
        2200.0,
        2200.0,
        2200.0,
        2200.0,
        2200.0,
        2200.0,
        2200.0,
        2200.0,
        2200.0,
        2200.0,
        2200.0,
        2200.0,
        2200.0,
        2200.0,
        2200.0,
        2200.0,
        2200.0,
        2200.0
    ],
    "core_7": [
        2800.0,
        4641.362,
        2200.0,
        4426.43,
        2200.0,
        2200.0,
        2200.0,
        4373.35,
        2200.0,
        2200.0,
        3700.0,
        2200.0,
        2200.0,
        2200.0,
        2200.0,
        3700.0,
        4406.597,
        3700.0
    ],
    "core_8": [
        2200.0,
        2200.0,
        2200.0,
        2200.0,
        4412.761,
        4391.827,
        2200.0,
        2200.0,
        2200.0,
        2200.0,
        2200.0,
        2200.0,
        2200.0,
        2200.0,
        2200.0,
        2200.0,
        2200.0,
        3531.044
    ],
    "core_9": [
        2800.0,
        2200.0,
        2200.0,
        4290.131,
        2200.0,
        2200.0,
        3481.012,
        2200.0,
        4376.7,
        2200.0,
        2200.0,
        2200.0,
        2200.0,
        2200.0,
        4352.549,
        4407.996,
        2200.0,
        4406.249
    ],
    "core_10": [
        2200.0,
        3711.689,
        2200.0,
        2200.0,
        4412.767,
        3511.941,
        2200.0,
        2200.0,
        2200.0,
        2200.0,
        2200.0,
        2200.0,
        2200.0,
        2200.0,
        2200.0,
        2200.0,
        4406.563,
        4406.255
    ],
    "core_11": [
        2200.0,
        2200.0,
        2200.0,
        2200.0,
        3530.688,
        4391.83,
        2200.0,
        2200.0,
        2200.0,
        2200.0,
        4348.788,
        2200.0,
        2200.0,
        4365.982,
        4352.533,
        2200.0,
        2200.0,
        2200.0
    ]
}