{
    "core_0": [
        2200.0,
        2200.0,
        4242.668,
        3929.868,
        3896.874,
        3944.18,
        2200.0,
        3955.729,
        3924.278,
        4030.355,
        4072.124,
        3857.102
    ],
    "core_1": [
        2200.0,
        2200.0,
        4242.779,
        3929.853,
        3895.798,
        3890.8,
        4015.483,
        3950.5,
        3924.272,
        4030.385,
        4071.669,
        3857.113
    ],
    "core_2": [
        2800.0,
        2200.0,
        4242.86,
        3929.846,
        3949.847,
        3890.783,
        4015.487,
        2800.0,
        3924.269,
        4030.409,
        4071.204,
        3930.773
    ],
    "core_3": [
        2200.0,
        2200.0,
        3441.902,
        3929.82,
        3896.854,
        3873.296,
        4015.487,
        3955.765,
        3931.964,
        3241.558,
        4076.22,
        3700.0
    ],
    "core_4": [
        2200.0,
        2200.0,
        4243.104,
        2200.0,
        3896.853,
        3890.718,
        4015.488,
        3955.771,
        3924.255,
        4030.487,
        2200.0,
        3857.158
    ],
    "core_5": [
        2200.0,
        3712.217,
        4243.217,
        3610.715,
        3896.843,
        3890.687,
        4015.491,
        3955.785,
        3924.248,
        4030.522,
        4069.979,
        3857.172
    ],
    "core_6": [
        4562.107,
        4641.252,
        4243.269,
        3929.787,
        3896.839,
        3700.0,
        4015.491,
        3955.79,
        3916.003,
        4030.541,
        4069.692,
        3857.182
    ],
    "core_7": [
        3656.003,
        2200.0,
        4243.399,
        3929.768,
        3897.595,
        3890.633,
        4015.491,
        3955.804,
        3924.237,
        4030.58,
        4069.172,
        3857.196
    ],
    "core_8": [
        2200.0,
        2200.0,
        3700.0,
        3929.758,
        2200.0,
        3890.615,
        4015.489,
        3272.097,
        3924.236,
        4056.45,
        4068.752,
        3857.205
    ],
    "core_9": [
        2200.0,
        2200.0,
        3700.0,
        3929.745,
        3896.821,
        3890.584,
        4015.492,
        3955.823,
        3700.0,
        2200.0,
        4068.36,
        3840.154
    ],
    "core_10": [
        2200.0,
        2200.0,
        4243.613,
        3929.736,
        3896.816,
        3890.568,
        4015.491,
        3955.833,
        3924.228,
        4030.651,
        3906.041,
        3857.227
    ],
    "core_11": [
        2200.0,
        2200.0,
        4243.714,
        3828.885,
        3896.809,
        3890.538,
        4017.675,
        3955.841,
        3924.22,
        4030.684,
        4067.67,
        3857.242
    ]
}