{
    "core_0": [
        2200.0,
        2200.0,
        2200.0,
        3532.032,
        2200.0,
        3513.24,
        2200.0,
        2200.0,
        2200.0,
        2200.0,
        3488.195,
        3491.95,
        3464.604,
        3509.475,
        2200.0,
        2200.0,
        2200.0,
        2200.0
    ],
    "core_1": [
        2200.0,
        2200.0,
        2200.0,
        2200.0,
        4399.906,
        4394.568,
        4391.828,
        4391.826,
        4391.828,
        4380.327,
        4362.383,
        2200.0,
        2200.0,
        2200.0,
        2200.0,
        4346.118,
        4355.429,
        4364.847
    ],
    "core_2": [
        4611.15,
        2800.0,
        2200.0,
        2200.0,
        2200.0,
        2200.0,
        2200.0,
        2200.0,
        4391.826,
        4380.332,
        4362.389,
        4362.669,
        4359.732,
        4391.828,
        4391.825,
        4346.115,
        4355.436,
        2200.0
    ],
    "core_3": [
        2200.0,
        2200.0,
        2200.0,
        2200.0,
        2200.0,
        2200.0,
        2200.0,
        2200.0,
        2200.0,
        4380.352,
        3700.0,
        2200.0,
        2200.0,
        2200.0,
        4391.825,
        4346.109,
        4355.456,
        2200.0
    ],
    "core_4": [
        2200.0,
        3700.0,
        4402.896,
        4410.971,
        2200.0,
        2200.0,
        4391.826,
        4391.826,
        4391.828,
        2200.0,
        2200.0,
        2200.0,
        2200.0,
        4391.826,
        4391.827,
        2200.0,
        3476.39,
        3501.373
    ],
    "core_5": [
        2800.0,
        3372.685,
        2200.0,
        2200.0,
        2200.0,
        4394.558,
        4391.83,
        4391.829,
        2200.0,
        2200.0,
        4362.398,
        4362.682,
        2200.0,
        4391.825,
        3700.0,
        2200.0,
        2200.0,
        4364.951
    ],
    "core_6": [
        3691.602,
        2200.0,
        2200.0,
        2200.0,
        3513.292,
        2200.0,
        2200.0,
        2200.0,
        2200.0,
        2200.0,
        2200.0,
        2200.0,
        2200.0,
        2200.0,
        2200.0,
        2200.0,
        2200.0,
        2200.0
    ],
    "core_7": [
        2200.0,
        3700.0,
        4402.928,
        4410.983,
        2200.0,
        2200.0,
        2200.0,
        3700.0,
        2200.0,
        2200.0,
        2200.0,
        4362.69,
        4359.764,
        2200.0,
        2200.0,
        2200.0,
        2200.0,
        2200.0
    ],
    "core_8": [
        2200.0,
        2200.0,
        3527.608,
        2200.0,
        2200.0,
        2200.0,
        3512.657,
        3511.798,
        2200.0,
        2200.0,
        2200.0,
        2200.0,
        2200.0,
        2200.0,
        2200.0,
        3700.0,
        2200.0,
        4364.997
    ],
    "core_9": [
        2200.0,
        2200.0,
        2200.0,
        2200.0,
        2200.0,
        2200.0,
        2200.0,
        2200.0,
        2200.0,
        2200.0,
        2200.0,
        2200.0,
        2200.0,
        2200.0,
        2200.0,
        2200.0,
        2200.0,
        2200.0
    ],
    "core_10": [
        2200.0,
        4326.663,
        2200.0,
        2200.0,
        4399.851,
        4394.547,
        2200.0,
        2200.0,
        3700.0,
        3510.616,
        2200.0,
        2200.0,
        3492.91,
        2200.0,
        2200.0,
        3473.122,
        2200.0,
        2200.0
    ],
    "core_11": [
        2800.0,
        2200.0,
        4402.966,
        4411.0,
        4399.841,
        2200.0,
        2200.0,
        2200.0,
        3512.642,
        2200.0,
        2200.0,
        2200.0,
        4359.783,
        2200.0,
        3585.602,
        2200.0,
        2200.0,
        3700.0
    ]
}