{
    "core_0": [
        3498.227,
        2200.0,
        2200.0,
        2200.0,
        2200.0,
        2200.0,
        2200.0,
        2200.0,
        2200.0,
        2200.0,
        2200.0,
        2200.0,
        2200.0,
        2200.0,
        2200.0,
        2200.0,
        2200.0,
        2200.0,
        2200.0,
        2200.0,
        2200.0,
        4133.495,
        2200.0,
        2200.0,
        2200.0,
        2200.0,
        2200.0,
        2200.0,
        2200.0,
        2200.0,
        2200.0,
        2200.0,
        2200.0,
        2200.0,
        2200.0,
        2200.0,
        2200.0,
        2200.0,
        2200.0,
        2200.0,
        2200.0,
        2200.0,
        2200.0,
        2200.0,
        2200.0,
        2200.0,
        2200.0,
        2200.0
    ],
    "core_1": [
        2200.0,
        2200.0,
        2200.0,
        2200.0,
        2200.0,
        2200.0,
        2200.0,
        2200.0,
        4548.446,
        2200.0,
        4543.024,
        4545.737,
        4537.049,
        4541.815,
        2200.0,
        2200.0,
        2200.0,
        2200.0,
        4569.253,
        2200.0,
        4570.655,
        2200.0,
        2200.0,
        2200.0,
        2200.0,
        2200.0,
        2200.0,
        2200.0,
        2200.0,
        2200.0,
        2200.0,
        2200.0,
        2200.0,
        2200.0,
        2200.0,
        2200.0,
        2200.0,
        2200.0,
        2200.0,
        2200.0,
        2200.0,
        2200.0,
        2200.0,
        2200.0,
        2200.0,
        4591.371,
        4575.851,
        2200.0
    ],
    "core_2": [
        2200.0,
        2200.0,
        2200.0,
        2200.0,
        2200.0,
        2200.0,
        2200.0,
        2200.0,
        2200.0,
        2200.0,
        2200.0,
        2200.0,
        2200.0,
        2200.0,
        2200.0,
        2200.0,
        2200.0,
        2200.0,
        2200.0,
        2200.0,
        2200.0,
        2200.0,
        3700.0,
        2200.0,
        3552.098,
        2200.0,
        2200.0,
        2200.0,
        2200.0,
        2200.0,
        2200.0,
        2200.0,
        2200.0,
        2200.0,
        2200.0,
        2200.0,
        3552.327,
        2200.0,
        2200.0,
        2200.0,
        2200.0,
        2200.0,
        2200.0,
        2200.0,
        2200.0,
        2200.0,
        2200.0,
        2200.0
    ],
    "core_3": [
        2200.0,
        4641.365,
        2200.0,
        3569.925,
        3563.029,
        2200.0,
        2200.0,
        2200.0,
        2200.0,
        3650.203,
        2200.0,
        2200.0,
        2200.0,
        2200.0,
        2200.0,
        2200.0,
        3652.399,
        3651.449,
        2200.0,
        3650.152,
        2200.0,
        2200.0,
        3650.122,
        2200.0,
        2200.0,
        2200.0,
        2200.0,
        3551.843,
        2200.0,
        2200.0,
        2200.0,
        2200.0,
        2200.0,
        2200.0,
        3557.228,
        3552.364,
        2200.0,
        3566.247,
        2200.0,
        3565.195,
        3551.416,
        2200.0,
        2200.0,
        3552.746,
        2200.0,
        2200.0,
        3654.479,
        3656.654
    ],
    "core_4": [
        2200.0,
        3712.38,
        2200.0,
        2200.0,
        2200.0,
        3561.591,
        3590.087,
        2200.0,
        2200.0,
        2200.0,
        2200.0,
        2200.0,
        3885.699,
        2200.0,
        2200.0,
        2200.0,
        2200.0,
        2200.0,
        2200.0,
        2200.0,
        2200.0,
        3653.511,
        2200.0,
        2200.0,
        2200.0,
        2200.0,
        2200.0,
        2200.0,
        2200.0,
        2200.0,
        2200.0,
        2200.0,
        2200.0,
        2200.0,
        2200.0,
        2200.0,
        2200.0,
        2200.0,
        2200.0,
        2200.0,
        2800.0,
        2200.0,
        2200.0,
        2200.0,
        2200.0,
        2200.0,
        2200.0,
        2200.0
    ],
    "core_5": [
        2200.0,
        2200.0,
        4455.089,
        2200.0,
        2200.0,
        4451.476,
        2200.0,
        4444.523,
        2200.0,
        2200.0,
        2200.0,
        2200.0,
        3899.568,
        3622.326,
        2200.0,
        2200.0,
        2200.0,
        2200.0,
        2200.0,
        2200.0,
        2200.0,
        2200.0,
        2200.0,
        2200.0,
        4447.234,
        4443.131,
        4448.714,
        4441.732,
        2200.0,
        2200.0,
        2200.0,
        2200.0,
        4443.864,
        2200.0,
        4445.861,
        2200.0,
        4444.499,
        2200.0,
        2200.0,
        2200.0,
        2200.0,
        2200.0,
        2200.0,
        4444.962,
        2200.0,
        3700.0,
        2200.0,
        2200.0
    ],
    "core_6": [
        2800.0,
        2200.0,
        3570.38,
        2200.0,
        2200.0,
        2200.0,
        2200.0,
        2200.0,
        2200.0,
        2200.0,
        2200.0,
        2200.0,
        2200.0,
        2200.0,
        2200.0,
        2200.0,
        2200.0,
        2200.0,
        2200.0,
        2200.0,
        2200.0,
        2200.0,
        2200.0,
        2200.0,
        2200.0,
        2200.0,
        2200.0,
        2200.0,
        2200.0,
        2200.0,
        2200.0,
        2200.0,
        2200.0,
        2200.0,
        2200.0,
        2200.0,
        2200.0,
        2200.0,
        2200.0,
        2200.0,
        2200.0,
        2200.0,
        2200.0,
        2200.0,
        2200.0,
        2200.0,
        2200.0,
        2200.0
    ],
    "core_7": [
        2200.0,
        2200.0,
        2200.0,
        2200.0,
        2200.0,
        2200.0,
        2200.0,
        2200.0,
        2200.0,
        4563.62,
        3700.0,
        2200.0,
        2200.0,
        2200.0,
        4628.438,
        4565.066,
        4566.506,
        4566.442,
        2200.0,
        4565.083,
        2200.0,
        4567.875,
        2200.0,
        2200.0,
        2200.0,
        2200.0,
        2200.0,
        2200.0,
        2200.0,
        2200.0,
        2200.0,
        2200.0,
        2200.0,
        2200.0,
        2200.0,
        2200.0,
        2200.0,
        2200.0,
        4516.819,
        2200.0,
        2200.0,
        2200.0,
        2200.0,
        2200.0,
        3555.682,
        2200.0,
        2200.0,
        4573.41
    ],
    "core_8": [
        2800.0,
        2200.0,
        2200.0,
        2200.0,
        2200.0,
        2200.0,
        2200.0,
        2200.0,
        2200.0,
        2200.0,
        2200.0,
        2200.0,
        2200.0,
        2200.0,
        2200.0,
        2200.0,
        2200.0,
        2200.0,
        2200.0,
        2200.0,
        2200.0,
        2200.0,
        4572.944,
        3552.816,
        2200.0,
        3551.849,
        3554.509,
        2200.0,
        3554.015,
        2200.0,
        3570.552,
        3557.835,
        3566.111,
        3553.4,
        2200.0,
        2200.0,
        2200.0,
        2200.0,
        2200.0,
        2200.0,
        2200.0,
        2200.0,
        2200.0,
        2200.0,
        2200.0,
        2200.0,
        2200.0,
        2200.0
    ],
    "core_9": [
        3649.951,
        2200.0,
        2200.0,
        2200.0,
        2200.0,
        2200.0,
        2200.0,
        3552.639,
        2200.0,
        2200.0,
        2200.0,
        3631.926,
        2200.0,
        2200.0,
        3662.883,
        2200.0,
        2200.0,
        2200.0,
        3662.075,
        2200.0,
        3652.432,
        2200.0,
        2200.0,
        2200.0,
        2200.0,
        2200.0,
        2200.0,
        2200.0,
        2200.0,
        3569.197,
        2200.0,
        2200.0,
        2200.0,
        2200.0,
        2200.0,
        2200.0,
        2200.0,
        2200.0,
        2200.0,
        2200.0,
        2200.0,
        3553.175,
        3552.39,
        2200.0,
        2200.0,
        2200.0,
        2200.0,
        2200.0
    ],
    "core_10": [
        2200.0,
        2200.0,
        2200.0,
        2200.0,
        2200.0,
        2200.0,
        2200.0,
        2200.0,
        3636.088,
        2200.0,
        3637.939,
        2200.0,
        2200.0,
        2200.0,
        2200.0,
        2200.0,
        2200.0,
        2200.0,
        2200.0,
        2200.0,
        2200.0,
        2200.0,
        2200.0,
        2200.0,
        2200.0,
        2200.0,
        2200.0,
        2200.0,
        2200.0,
        2800.0,
        2200.0,
        2200.0,
        2200.0,
        2200.0,
        2200.0,
        2200.0,
        2200.0,
        2200.0,
        2200.0,
        2200.0,
        2200.0,
        2200.0,
        2200.0,
        2200.0,
        2200.0,
        2200.0,
        2200.0,
        2200.0
    ],
    "core_11": [
        2200.0,
        2200.0,
        2200.0,
        4452.612,
        4451.946,
        2200.0,
        4521.783,
        2200.0,
        2200.0,
        2200.0,
        2200.0,
        2200.0,
        2200.0,
        2200.0,
        2200.0,
        3652.054,
        2200.0,
        2200.0,
        2200.0,
        2200.0,
        2200.0,
        2200.0,
        2200.0,
        4441.735,
        2200.0,
        2200.0,
        2200.0,
        3700.0,
        4447.255,
        4446.884,
        4448.055,
        4447.373,
        2200.0,
        4448.685,
        2200.0,
        4441.733,
        2200.0,
        4447.698,
        4443.092,
        4447.752,
        4447.27,
        4446.406,
        4447.256,
        2200.0,
        4449.774,
        3672.421,
        2200.0,
        2200.0
    ]
}