{
    "core_0": [
        2200.0,
        4446.287,
        4363.843,
        3948.302,
        4232.435
    ],
    "core_1": [
        2800.0,
        4446.105,
        4358.352,
        3948.648,
        4231.351
    ],
    "core_2": [
        2800.0,
        4446.104,
        4359.391,
        3948.894,
        4231.78
    ],
    "core_3": [
        2200.0,
        4445.832,
        4358.465,
        3949.742,
        4231.723
    ],
    "core_4": [
        2800.0,
        4445.836,
        4361.036,
        3949.989,
        4232.73
    ],
    "core_5": [
        2200.0,
        4445.71,
        4358.034,
        3950.417,
        4233.682
    ],
    "core_6": [
        2200.0,
        4445.692,
        4356.818,
        3950.634,
        4216.036
    ],
    "core_7": [
        2200.0,
        4445.605,
        4084.523,
        3951.081,
        4233.754
    ],
    "core_8": [
        4626.604,
        4445.674,
        4355.916,
        3951.323,
        4233.337
    ],
    "core_9": [
        2200.0,
        4445.57,
        4358.69,
        3951.738,
        4233.607
    ],
    "core_10": [
        3710.687,
        4445.541,
        4355.763,
        3951.959,
        4233.785
    ],
    "core_11": [
        2200.0,
        4445.572,
        4357.762,
        3952.343,
        4234.428
    ]
}