{
    "core_0": [
        2200.0,
        2200.0,
        3534.009,
        3930.094,
        3976.939,
        2800.0,
        3951.717,
        3937.473,
        3949.731,
        3954.731,
        3963.278,
        2200.0
    ],
    "core_1": [
        2800.0,
        2200.0,
        4036.21,
        3923.039,
        3457.646,
        3962.157,
        3403.834,
        2200.0,
        3700.0,
        3943.392,
        2200.0,
        2200.0
    ],
    "core_2": [
        3617.015,
        2200.0,
        4032.57,
        3928.54,
        3700.0,
        3891.57,
        2200.0,
        3862.914,
        2800.0,
        3943.364,
        3684.978,
        3573.74
    ],
    "core_3": [
        2200.0,
        3649.998,
        4032.592,
        3979.47,
        4115.982,
        3962.099,
        3950.812,
        3919.555,
        3934.837,
        3943.36,
        3951.143,
        2200.0
    ],
    "core_4": [
        2200.0,
        2200.0,
        4032.6,
        3979.459,
        4116.177,
        3962.087,
        3995.343,
        4264.052,
        3934.844,
        3986.005,
        3951.139,
        2200.0
    ],
    "core_5": [
        2200.0,
        4578.349,
        4032.613,
        2200.0,
        4116.531,
        3962.058,
        3954.046,
        4264.238,
        3934.856,
        3943.358,
        3951.126,
        4475.218
    ],
    "core_6": [
        2200.0,
        2200.0,
        3953.641,
        3700.0,
        2200.0,
        3956.171,
        3954.037,
        2200.0,
        3740.867,
        3773.373,
        3951.642,
        2200.0
    ],
    "core_7": [
        2200.0,
        2200.0,
        4032.637,
        3796.708,
        3892.979,
        2200.0,
        3855.828,
        3761.939,
        3935.724,
        2200.0,
        3589.373,
        2200.0
    ],
    "core_8": [
        2200.0,
        2200.0,
        2200.0,
        3700.0,
        3846.345,
        3639.396,
        3954.01,
        4304.216,
        3934.879,
        3936.654,
        2800.0,
        2200.0
    ],
    "core_9": [
        2200.0,
        2200.0,
        2200.0,
        2200.0,
        2200.0,
        2200.0,
        3700.0,
        3700.0,
        2200.0,
        2200.0,
        2200.0,
        2200.0
    ],
    "core_10": [
        2200.0,
        2200.0,
        2200.0,
        2200.0,
        2200.0,
        3700.0,
        3700.0,
        2800.0,
        2200.0,
        3700.0,
        2200.0,
        2200.0
    ],
    "core_11": [
        4514.374,
        2200.0,
        2200.0,
        3979.364,
        2200.0,
        2200.0,
        2200.0,
        2200.0,
        2200.0,
        2200.0,
        2200.0,
        2200.0
    ]
}