{
    "core_0": [
        3830.69,
        2200.0,
        3894.012,
        3856.965,
        3888.001,
        3834.873,
        3820.499,
        3824.4,
        4211.37,
        3821.749,
        3819.834
    ],
    "core_1": [
        2200.0,
        3855.392,
        3894.007,
        3856.95,
        3887.932,
        3834.884,
        3820.496,
        3824.393,
        4211.687,
        3821.746,
        3819.831
    ],
    "core_2": [
        2800.0,
        2200.0,
        3894.007,
        3856.937,
        3887.866,
        3834.893,
        3820.491,
        3824.386,
        4211.858,
        3821.739,
        3819.829
    ],
    "core_3": [
        3812.562,
        2200.0,
        3894.008,
        3856.908,
        3887.748,
        3834.91,
        3820.488,
        3824.374,
        4213.424,
        3821.735,
        3819.823
    ],
    "core_4": [
        2200.0,
        2200.0,
        3894.008,
        3856.896,
        3887.692,
        3834.917,
        3820.487,
        3824.37,
        4213.594,
        3821.732,
        3819.822
    ],
    "core_5": [
        2550.268,
        2200.0,
        3894.007,
        3856.877,
        3887.594,
        3834.931,
        3820.482,
        3824.36,
        4214.034,
        3821.727,
        3819.819
    ],
    "core_6": [
        2200.0,
        4516.588,
        3894.003,
        3856.864,
        3887.537,
        3834.934,
        3820.477,
        3824.354,
        4214.175,
        3821.721,
        3819.815
    ],
    "core_7": [
        2200.0,
        2200.0,
        3894.001,
        3856.843,
        3887.442,
        3834.942,
        3820.475,
        3824.343,
        4214.557,
        3821.716,
        3819.813
    ],
    "core_8": [
        3794.473,
        2200.0,
        3894.0,
        3856.835,
        3887.407,
        3834.953,
        3820.476,
        3824.34,
        4214.65,
        3821.715,
        3819.809
    ],
    "core_9": [
        2800.0,
        2200.0,
        3893.997,
        3856.813,
        3887.319,
        3834.963,
        3820.47,
        3824.331,
        4215.275,
        3821.708,
        3819.806
    ],
    "core_10": [
        3700.0,
        2200.0,
        3894.0,
        3856.804,
        3887.272,
        3834.973,
        3820.468,
        3824.328,
        4215.428,
        3821.705,
        3819.807
    ],
    "core_11": [
        2200.0,
        2200.0,
        3893.997,
        3856.787,
        3887.188,
        3834.983,
        3820.466,
        3824.32,
        4216.496,
        3821.701,
        3819.805
    ]
}