{
    "core_0": [
        2200.0,
        2200.0,
        2200.0,
        2200.0,
        2200.0,
        2200.0,
        2200.0,
        2200.0,
        2200.0,
        2200.0,
        2200.0,
        2200.0,
        2200.0,
        2200.0,
        2200.0,
        2200.0,
        2200.0,
        2200.0,
        2200.0,
        2200.0,
        2200.0,
        2800.0,
        2200.0,
        2200.0,
        2200.0,
        2200.0,
        2200.0,
        2200.0,
        2200.0,
        2200.0,
        2200.0,
        2200.0,
        2200.0,
        2200.0,
        2200.0,
        2200.0,
        2200.0,
        2200.0,
        2200.0,
        2200.0,
        2200.0,
        2200.0,
        2200.0,
        2200.0,
        2200.0,
        3647.567,
        2200.0,
        2200.0
    ],
    "core_1": [
        2200.0,
        2200.0,
        3241.904,
        2200.0,
        2200.0,
        2200.0,
        2200.0,
        3790.072,
        2200.0,
        2200.0,
        2200.0,
        2200.0,
        4559.768,
        2200.0,
        4565.048,
        2200.0,
        4558.149,
        4562.303,
        2200.0,
        4565.055,
        4560.919,
        4537.493,
        4538.867,
        4526.549,
        4548.487,
        4547.821,
        2200.0,
        2200.0,
        4562.205,
        4562.15,
        4561.944,
        4562.643,
        3627.937,
        2200.0,
        2200.0,
        2200.0,
        2200.0,
        2800.0,
        2200.0,
        2200.0,
        2200.0,
        2200.0,
        2200.0,
        2200.0,
        2200.0,
        4561.134,
        2200.0,
        2200.0
    ],
    "core_2": [
        2200.0,
        3712.076,
        2200.0,
        2200.0,
        2200.0,
        3563.615,
        2200.0,
        2200.0,
        4566.504,
        2200.0,
        2200.0,
        2200.0,
        2200.0,
        2200.0,
        2200.0,
        2200.0,
        2200.0,
        3651.189,
        2200.0,
        2200.0,
        2200.0,
        3631.029,
        2200.0,
        2200.0,
        2200.0,
        2200.0,
        2200.0,
        2200.0,
        2200.0,
        2200.0,
        2200.0,
        2200.0,
        4535.817,
        2200.0,
        2200.0,
        2200.0,
        2200.0,
        4531.244,
        2200.0,
        2200.0,
        4572.032,
        4573.213,
        4574.05,
        4576.864,
        2200.0,
        2200.0,
        2200.0,
        2200.0
    ],
    "core_3": [
        2200.0,
        2200.0,
        2200.0,
        3552.706,
        3551.17,
        2200.0,
        4541.552,
        2200.0,
        2200.0,
        2200.0,
        4539.202,
        2200.0,
        2200.0,
        2200.0,
        2200.0,
        2200.0,
        2200.0,
        2200.0,
        2200.0,
        2200.0,
        2200.0,
        2200.0,
        2200.0,
        3626.729,
        2200.0,
        2200.0,
        2200.0,
        2200.0,
        2200.0,
        2200.0,
        2200.0,
        2200.0,
        2200.0,
        2200.0,
        2200.0,
        2200.0,
        3780.809,
        3613.562,
        2200.0,
        2200.0,
        2200.0,
        2200.0,
        2200.0,
        2200.0,
        2200.0,
        2200.0,
        2200.0,
        2200.0
    ],
    "core_4": [
        3519.559,
        2200.0,
        2200.0,
        2200.0,
        2200.0,
        2200.0,
        2200.0,
        2200.0,
        2200.0,
        2200.0,
        2200.0,
        2200.0,
        2200.0,
        2200.0,
        2200.0,
        2200.0,
        2200.0,
        2200.0,
        2200.0,
        2200.0,
        2200.0,
        2200.0,
        2200.0,
        2200.0,
        2200.0,
        2200.0,
        2200.0,
        2200.0,
        2200.0,
        3647.896,
        2200.0,
        3650.041,
        2200.0,
        3650.679,
        2200.0,
        2200.0,
        2200.0,
        2200.0,
        2200.0,
        2200.0,
        2200.0,
        2200.0,
        2200.0,
        2200.0,
        2200.0,
        2200.0,
        2200.0,
        2200.0
    ],
    "core_5": [
        2200.0,
        2200.0,
        4441.738,
        4441.735,
        2200.0,
        4447.243,
        2200.0,
        2200.0,
        2200.0,
        2200.0,
        2200.0,
        2200.0,
        2200.0,
        2200.0,
        2200.0,
        2200.0,
        2200.0,
        2200.0,
        2200.0,
        2200.0,
        2200.0,
        2200.0,
        2200.0,
        2200.0,
        3634.685,
        2200.0,
        3648.158,
        2200.0,
        3651.494,
        2200.0,
        3651.348,
        2200.0,
        2200.0,
        2200.0,
        2200.0,
        2200.0,
        2200.0,
        2200.0,
        3652.39,
        3659.97,
        3653.603,
        3651.477,
        3655.081,
        3652.315,
        2200.0,
        3700.0,
        3650.108,
        2200.0
    ],
    "core_6": [
        2200.0,
        2200.0,
        2200.0,
        2200.0,
        2200.0,
        2200.0,
        2200.0,
        2200.0,
        2200.0,
        2200.0,
        2200.0,
        2200.0,
        2200.0,
        2200.0,
        2200.0,
        2200.0,
        2200.0,
        2200.0,
        2200.0,
        2200.0,
        2200.0,
        2200.0,
        3632.558,
        2200.0,
        2200.0,
        3634.245,
        2200.0,
        2200.0,
        2200.0,
        2200.0,
        2200.0,
        2200.0,
        2200.0,
        2200.0,
        2200.0,
        2200.0,
        2200.0,
        2200.0,
        2200.0,
        2200.0,
        2200.0,
        2200.0,
        2200.0,
        2200.0,
        3651.432,
        2200.0,
        2200.0,
        2200.0
    ],
    "core_7": [
        2200.0,
        2200.0,
        2200.0,
        2200.0,
        2200.0,
        2200.0,
        2200.0,
        3632.571,
        2200.0,
        2200.0,
        4554.517,
        4558.905,
        2200.0,
        4562.84,
        2200.0,
        4566.504,
        2200.0,
        3700.0,
        4559.333,
        2200.0,
        2200.0,
        2200.0,
        3700.0,
        2200.0,
        2200.0,
        2200.0,
        4557.884,
        4559.344,
        3700.0,
        2200.0,
        2200.0,
        2200.0,
        2200.0,
        2200.0,
        2200.0,
        2200.0,
        2200.0,
        2200.0,
        2200.0,
        2200.0,
        2200.0,
        2200.0,
        2200.0,
        2200.0,
        2200.0,
        2200.0,
        4566.507,
        2200.0
    ],
    "core_8": [
        2200.0,
        2200.0,
        2200.0,
        2200.0,
        2200.0,
        2200.0,
        2200.0,
        2200.0,
        2200.0,
        4566.5,
        2200.0,
        2200.0,
        2200.0,
        2200.0,
        2200.0,
        2200.0,
        2200.0,
        2200.0,
        2200.0,
        2200.0,
        2200.0,
        2200.0,
        2200.0,
        2200.0,
        2200.0,
        2200.0,
        2200.0,
        2200.0,
        2200.0,
        2200.0,
        2200.0,
        2200.0,
        2200.0,
        4566.5,
        4569.253,
        4570.645,
        4570.361,
        2200.0,
        4567.894,
        4570.605,
        2200.0,
        2200.0,
        2200.0,
        2200.0,
        4576.151,
        2200.0,
        2200.0,
        2195.451
    ],
    "core_9": [
        2800.0,
        2200.0,
        2200.0,
        2200.0,
        2200.0,
        2200.0,
        2200.0,
        4541.547,
        3652.47,
        3651.25,
        2200.0,
        3647.881,
        3648.103,
        3652.053,
        3651.257,
        3652.424,
        3635.162,
        2200.0,
        2200.0,
        2200.0,
        2200.0,
        2200.0,
        2200.0,
        2200.0,
        2200.0,
        2200.0,
        2200.0,
        2200.0,
        2200.0,
        2200.0,
        2200.0,
        2200.0,
        2200.0,
        2200.0,
        2200.0,
        2200.0,
        2200.0,
        2200.0,
        2200.0,
        2200.0,
        2200.0,
        2200.0,
        2200.0,
        2200.0,
        2200.0,
        2200.0,
        2200.0,
        2200.0
    ],
    "core_10": [
        2200.0,
        4639.991,
        2200.0,
        2200.0,
        2200.0,
        2200.0,
        2200.0,
        2200.0,
        2200.0,
        2200.0,
        2200.0,
        2200.0,
        2200.0,
        2200.0,
        2200.0,
        2200.0,
        2200.0,
        2200.0,
        3651.647,
        3651.422,
        3650.898,
        2200.0,
        2200.0,
        2200.0,
        2200.0,
        2200.0,
        2200.0,
        2200.0,
        2200.0,
        2200.0,
        2200.0,
        2200.0,
        2200.0,
        2200.0,
        3653.104,
        3652.325,
        2200.0,
        2200.0,
        2200.0,
        2200.0,
        2200.0,
        2200.0,
        2200.0,
        2200.0,
        2200.0,
        2200.0,
        2200.0,
        2200.0
    ],
    "core_11": [
        4259.633,
        2200.0,
        3700.0,
        2200.0,
        4441.733,
        2200.0,
        3632.503,
        2200.0,
        2200.0,
        2200.0,
        2200.0,
        2200.0,
        2200.0,
        2200.0,
        2200.0,
        2200.0,
        2200.0,
        2200.0,
        2200.0,
        2200.0,
        2200.0,
        2200.0,
        2200.0,
        2200.0,
        2200.0,
        2200.0,
        2200.0,
        3648.702,
        2200.0,
        2200.0,
        2200.0,
        2200.0,
        2200.0,
        2200.0,
        2200.0,
        2200.0,
        2200.0,
        3700.0,
        2200.0,
        2200.0,
        2200.0,
        2200.0,
        2200.0,
        2200.0,
        2200.0,
        2200.0,
        2200.0,
        2200.0
    ]
}