{
    "core_0": [
        2200.0,
        2200.0,
        3944.113,
        3888.618,
        3884.361,
        3861.77,
        3853.551,
        3838.74,
        3886.51,
        3855.449,
        3879.794,
        2200.0
    ],
    "core_1": [
        3753.449,
        2200.0,
        3944.111,
        3888.621,
        3884.345,
        3861.737,
        3853.538,
        3838.748,
        3886.516,
        3855.462,
        3879.784,
        2200.0
    ],
    "core_2": [
        2200.0,
        2200.0,
        3944.107,
        3888.627,
        3884.328,
        3861.703,
        3850.901,
        3838.748,
        3886.522,
        3855.472,
        3876.575,
        2200.0
    ],
    "core_3": [
        2800.0,
        2200.0,
        3944.106,
        3888.634,
        3884.295,
        3861.652,
        3853.507,
        3838.756,
        3886.536,
        3855.497,
        3879.203,
        2200.0
    ],
    "core_4": [
        2200.0,
        2200.0,
        3944.105,
        3888.637,
        3884.28,
        3861.625,
        3853.499,
        3838.76,
        3888.435,
        3855.509,
        3879.198,
        2200.0
    ],
    "core_5": [
        2200.0,
        2200.0,
        3863.518,
        3888.641,
        3796.844,
        3861.594,
        3853.486,
        3838.767,
        3886.548,
        3865.22,
        3878.867,
        2200.0
    ],
    "core_6": [
        2200.0,
        3711.867,
        3944.099,
        3888.644,
        3884.242,
        3861.569,
        3853.477,
        3838.767,
        3886.549,
        3855.535,
        3878.858,
        2200.0
    ],
    "core_7": [
        2800.0,
        2200.0,
        3944.1,
        3888.651,
        3884.216,
        3882.91,
        3853.462,
        3838.774,
        3886.558,
        3855.556,
        3878.814,
        2200.0
    ],
    "core_8": [
        2200.0,
        2200.0,
        3944.096,
        3888.653,
        3884.205,
        3861.505,
        3853.452,
        3841.517,
        3886.565,
        3855.563,
        3878.804,
        2200.0
    ],
    "core_9": [
        4540.717,
        4641.361,
        3944.093,
        3888.657,
        3884.182,
        3861.466,
        3853.436,
        3838.783,
        3886.572,
        3855.581,
        3878.794,
        4541.545
    ],
    "core_10": [
        2200.0,
        2200.0,
        3944.095,
        3891.241,
        3884.168,
        3861.443,
        3853.43,
        3838.787,
        3886.58,
        3855.589,
        3878.79,
        3631.811
    ],
    "core_11": [
        2200.0,
        2200.0,
        3861.646,
        3888.666,
        3745.816,
        3861.406,
        3853.416,
        3838.794,
        3886.586,
        3855.606,
        3878.778,
        2200.0
    ]
}