{
    "core_0": [
        2200.0,
        2200.0,
        3924.405,
        3973.487,
        4014.744,
        2200.0,
        2200.0,
        3859.802,
        3870.123,
        3863.923,
        3858.441,
        4383.887
    ],
    "core_1": [
        2200.0,
        3828.54,
        4049.202,
        3933.606,
        4015.909,
        4047.174,
        3986.428,
        3858.951,
        3870.09,
        2200.0,
        3858.431,
        4383.894
    ],
    "core_2": [
        2200.0,
        2200.0,
        3924.391,
        3933.597,
        3700.0,
        4047.188,
        2200.0,
        3859.82,
        3603.785,
        3530.599,
        3858.422,
        3870.411
    ],
    "core_3": [
        3598.974,
        2200.0,
        3924.37,
        3933.568,
        4014.805,
        3524.017,
        3986.691,
        3859.838,
        3870.004,
        3863.838,
        3858.405,
        4383.925
    ],
    "core_4": [
        2200.0,
        2200.0,
        3708.667,
        3933.555,
        4014.813,
        4047.231,
        4054.851,
        2200.0,
        2200.0,
        3863.818,
        3860.398,
        4383.928
    ],
    "core_5": [
        4479.311,
        2200.0,
        3924.358,
        3933.551,
        4014.83,
        4047.252,
        3986.882,
        3859.857,
        3869.939,
        3863.785,
        3858.387,
        4383.939
    ],
    "core_6": [
        2200.0,
        2200.0,
        3924.352,
        3700.0,
        4014.838,
        2200.0,
        3986.944,
        3859.858,
        3869.919,
        3863.772,
        3858.381,
        3902.767
    ],
    "core_7": [
        4364.653,
        2200.0,
        3700.0,
        3933.614,
        3700.0,
        4047.283,
        3987.08,
        3859.872,
        3869.875,
        3863.739,
        3700.0,
        4383.954
    ],
    "core_8": [
        3849.506,
        2200.0,
        3924.339,
        3933.638,
        2200.0,
        4047.293,
        3700.0,
        3859.88,
        3339.183,
        3781.971,
        3858.363,
        4383.958
    ],
    "core_9": [
        2200.0,
        2200.0,
        3924.325,
        3933.677,
        4014.883,
        3869.447,
        3987.266,
        3859.894,
        3869.81,
        3863.694,
        3858.352,
        2200.0
    ],
    "core_10": [
        2800.0,
        2200.0,
        3799.143,
        3934.859,
        4014.892,
        4047.322,
        3670.203,
        3859.92,
        3869.793,
        3863.677,
        3700.0,
        4383.972
    ],
    "core_11": [
        2200.0,
        4573.589,
        3924.311,
        3933.731,
        4014.908,
        4047.342,
        3987.445,
        3859.96,
        3869.751,
        3863.649,
        3858.338,
        4390.078
    ]
}