{
    "core_0": [
        3583.024,
        2200.0,
        2200.0,
        2200.0,
        2200.0,
        2200.0,
        2200.0,
        2200.0,
        3426.21,
        2200.0,
        2200.0,
        2200.0,
        2200.0,
        3396.004,
        2800.0
    ],
    "core_1": [
        2800.0,
        2200.0,
        4391.824,
        4299.828,
        4277.228,
        4296.492,
        4271.734,
        2200.0,
        4281.889,
        4283.058,
        2200.0,
        4252.113,
        4271.296,
        4251.084,
        2800.0
    ],
    "core_2": [
        2200.0,
        2200.0,
        4391.829,
        2200.0,
        4363.446,
        4296.485,
        3420.107,
        4272.12,
        2200.0,
        4283.066,
        4273.18,
        4252.106,
        4271.291,
        2200.0,
        2800.0
    ],
    "core_3": [
        2200.0,
        2200.0,
        4391.828,
        4299.749,
        2800.0,
        3429.584,
        2200.0,
        4272.112,
        4281.914,
        2200.0,
        2200.0,
        4252.086,
        4271.283,
        4251.063,
        2200.0
    ],
    "core_4": [
        2200.0,
        3687.997,
        2200.0,
        2200.0,
        4276.919,
        4296.478,
        2200.0,
        4272.11,
        4281.92,
        4283.088,
        4273.229,
        4252.077,
        4271.284,
        4251.059,
        2200.0
    ],
    "core_5": [
        4471.385,
        2200.0,
        2200.0,
        4299.697,
        2800.0,
        4296.476,
        4271.818,
        2200.0,
        2200.0,
        4283.099,
        4273.258,
        2200.0,
        2200.0,
        4251.051,
        2449.819
    ],
    "core_6": [
        2800.0,
        4599.492,
        2200.0,
        3423.48,
        2200.0,
        2200.0,
        2200.0,
        2200.0,
        2200.0,
        3426.749,
        2800.0,
        2200.0,
        2200.0,
        2200.0,
        2800.0
    ],
    "core_7": [
        2200.0,
        2200.0,
        2200.0,
        2200.0,
        2800.0,
        2200.0,
        2200.0,
        4272.093,
        2200.0,
        2200.0,
        4273.298,
        2200.0,
        2200.0,
        2200.0,
        2800.0
    ],
    "core_8": [
        2200.0,
        2200.0,
        4183.948,
        2200.0,
        2800.0,
        2200.0,
        2200.0,
        4157.075,
        4281.946,
        2200.0,
        2200.0,
        4269.924,
        2200.0,
        2200.0,
        2800.0
    ],
    "core_9": [
        2200.0,
        2200.0,
        2200.0,
        2200.0,
        4276.509,
        2200.0,
        4271.884,
        2200.0,
        2200.0,
        2200.0,
        2200.0,
        2200.0,
        2200.0,
        2200.0,
        2200.0
    ],
    "core_10": [
        2800.0,
        2200.0,
        4391.827,
        4299.586,
        2800.0,
        2200.0,
        4271.891,
        2200.0,
        2200.0,
        2200.0,
        2200.0,
        2200.0,
        2200.0,
        2200.0,
        3700.0
    ],
    "core_11": [
        2200.0,
        2200.0,
        2200.0,
        2200.0,
        3414.712,
        2200.0,
        2200.0,
        2200.0,
        2200.0,
        2200.0,
        4207.686,
        2200.0,
        3407.378,
        2200.0,
        2200.0
    ]
}