{
    "core_0": [
        2200.0,
        2200.0,
        2200.0,
        2200.0,
        3247.788,
        3546.256,
        2200.0,
        2200.0,
        3225.162,
        2200.0,
        3225.049,
        2200.0,
        2200.0,
        2200.0,
        2200.0
    ],
    "core_1": [
        2200.0,
        3700.0,
        2800.0,
        2800.0,
        2800.0,
        4091.156,
        4060.113,
        3426.536,
        4035.994,
        4087.435,
        4038.903,
        4036.723,
        2200.0,
        2200.0,
        2195.139
    ],
    "core_2": [
        2200.0,
        2200.0,
        4115.17,
        4087.28,
        4063.878,
        4078.573,
        4060.093,
        3700.0,
        2200.0,
        2200.0,
        4038.906,
        2200.0,
        4521.647,
        2200.0,
        2200.0
    ],
    "core_3": [
        2200.0,
        2200.0,
        4232.981,
        4087.246,
        4095.825,
        4078.297,
        2200.0,
        2200.0,
        4036.007,
        4087.311,
        4038.911,
        4036.744,
        2200.0,
        2200.0,
        2200.0
    ],
    "core_4": [
        2200.0,
        2200.0,
        4233.002,
        3262.548,
        4063.882,
        4084.406,
        4060.045,
        4330.427,
        4036.012,
        3660.294,
        4038.916,
        2200.0,
        2200.0,
        2200.0,
        2200.0
    ],
    "core_5": [
        4451.277,
        3712.649,
        3396.62,
        4087.217,
        4063.886,
        4035.909,
        4060.017,
        4330.294,
        4036.019,
        3598.356,
        2200.0,
        4036.756,
        2200.0,
        2200.0,
        2200.0
    ],
    "core_6": [
        2800.0,
        2200.0,
        4233.051,
        4087.203,
        2200.0,
        3216.581,
        2200.0,
        2200.0,
        2200.0,
        3700.0,
        2200.0,
        2200.0,
        2200.0,
        2200.0,
        2200.0
    ],
    "core_7": [
        2200.0,
        4610.707,
        4450.358,
        3807.967,
        4063.895,
        3700.0,
        2200.0,
        2200.0,
        2200.0,
        2200.0,
        2200.0,
        4009.306,
        2200.0,
        2195.368,
        2200.0
    ],
    "core_8": [
        3226.054,
        2200.0,
        2200.0,
        2200.0,
        2200.0,
        3700.0,
        4069.292,
        4036.774,
        4036.033,
        4042.202,
        2200.0,
        4036.774,
        2200.0,
        2200.0,
        2200.0
    ],
    "core_9": [
        3700.0,
        2200.0,
        2200.0,
        2200.0,
        3700.0,
        3700.0,
        4059.94,
        4329.891,
        2200.0,
        2200.0,
        2200.0,
        2200.0,
        3616.424,
        2200.0,
        2200.0
    ],
    "core_10": [
        2200.0,
        2200.0,
        2200.0,
        2200.0,
        2200.0,
        3700.0,
        2200.0,
        2200.0,
        2200.0,
        4061.561,
        2200.0,
        4036.789,
        2200.0,
        2200.0,
        2200.0
    ],
    "core_11": [
        2200.0,
        2200.0,
        2200.0,
        3700.0,
        2200.0,
        2200.0,
        2200.0,
        4129.925,
        2200.0,
        2800.0,
        4038.937,
        2200.0,
        2200.0,
        2200.0,
        2200.0
    ]
}