{
    "core_0": [
        2200.0,
        2200.0,
        3909.881,
        3872.936,
        3849.054,
        3845.413,
        3836.189,
        3825.447,
        3820.314,
        3820.449,
        3817.895
    ],
    "core_1": [
        2800.0,
        2200.0,
        3909.862,
        3872.957,
        3849.079,
        3845.412,
        3836.192,
        3825.442,
        3820.339,
        3820.446,
        3817.895
    ],
    "core_2": [
        2200.0,
        2200.0,
        3909.845,
        3872.973,
        3849.097,
        3845.409,
        3836.201,
        3825.432,
        3820.368,
        3820.446,
        3817.894
    ],
    "core_3": [
        2200.0,
        2800.0,
        3909.812,
        3873.011,
        3849.134,
        3845.406,
        3836.213,
        3825.418,
        3820.423,
        3820.441,
        3817.896
    ],
    "core_4": [
        2200.0,
        2200.0,
        3909.797,
        3873.027,
        3849.148,
        3845.402,
        3836.22,
        3825.408,
        3820.446,
        3820.437,
        3817.892
    ],
    "core_5": [
        2200.0,
        3618.342,
        3909.776,
        3873.052,
        3849.172,
        3845.399,
        3836.225,
        3825.398,
        3820.485,
        3820.434,
        3817.893
    ],
    "core_6": [
        2200.0,
        2200.0,
        3909.759,
        3873.066,
        3849.187,
        3845.393,
        3836.23,
        3825.391,
        3820.501,
        3820.435,
        3817.895
    ],
    "core_7": [
        2200.0,
        2200.0,
        3909.734,
        3873.096,
        3849.214,
        3845.392,
        3836.242,
        3825.377,
        3820.539,
        3820.43,
        3817.891
    ],
    "core_8": [
        2800.0,
        2200.0,
        3909.721,
        3873.107,
        3849.229,
        3845.39,
        3836.245,
        3825.374,
        3820.556,
        3820.424,
        3817.893
    ],
    "core_9": [
        2200.0,
        4641.365,
        3909.726,
        3873.134,
        3849.256,
        3845.384,
        3836.255,
        3825.361,
        3820.591,
        3820.423,
        3817.895
    ],
    "core_10": [
        4563.034,
        3712.349,
        3909.734,
        3873.147,
        3849.268,
        3845.386,
        3836.26,
        3825.355,
        3820.607,
        3820.421,
        3817.893
    ],
    "core_11": [
        3652.802,
        2200.0,
        3909.743,
        3873.171,
        3849.285,
        3845.381,
        3836.268,
        3825.346,
        3820.639,
        3820.418,
        3817.893
    ]
}