{
    "core_0": [
        3153.263,
        2200.0,
        3987.574,
        2200.0,
        3967.522,
        2200.0,
        2200.0,
        2200.0,
        4352.744,
        3977.154,
        2200.0,
        2200.0
    ],
    "core_1": [
        2200.0,
        2200.0,
        4028.176,
        3979.085,
        3967.516,
        3419.69,
        3326.541,
        2200.0,
        2200.0,
        3922.988,
        3508.676,
        2200.0
    ],
    "core_2": [
        2800.0,
        2200.0,
        4028.171,
        3828.565,
        3700.0,
        3964.751,
        3953.897,
        3939.849,
        2200.0,
        2200.0,
        3942.321,
        2200.0
    ],
    "core_3": [
        2200.0,
        2200.0,
        4028.149,
        3979.125,
        3967.516,
        3964.715,
        3955.576,
        3939.832,
        4353.057,
        3700.0,
        3942.269,
        2200.0
    ],
    "core_4": [
        2200.0,
        3647.691,
        3728.253,
        4004.772,
        3967.521,
        3964.7,
        3955.564,
        3942.506,
        4353.086,
        3922.969,
        3942.248,
        2200.0
    ],
    "core_5": [
        2200.0,
        4571.117,
        4028.125,
        3979.153,
        3967.519,
        3964.676,
        3955.546,
        3939.837,
        4353.148,
        3922.963,
        3942.213,
        3566.621
    ],
    "core_6": [
        3233.437,
        2200.0,
        2200.0,
        3979.159,
        2200.0,
        3964.659,
        3955.537,
        3939.838,
        2200.0,
        3700.0,
        3942.197,
        4448.059
    ],
    "core_7": [
        2200.0,
        2200.0,
        3700.0,
        3990.473,
        2200.0,
        3776.68,
        3793.701,
        3617.754,
        3763.877,
        3706.508,
        3468.899,
        2200.0
    ],
    "core_8": [
        2200.0,
        2200.0,
        2200.0,
        2200.0,
        3838.401,
        3700.0,
        2200.0,
        3933.476,
        4353.247,
        3922.948,
        2200.0,
        2200.0
    ],
    "core_9": [
        2200.0,
        2200.0,
        2200.0,
        2200.0,
        2200.0,
        2800.0,
        2200.0,
        2200.0,
        4389.062,
        3887.145,
        2200.0,
        2200.0
    ],
    "core_10": [
        2200.0,
        2200.0,
        4025.138,
        3700.0,
        3944.562,
        3700.0,
        2200.0,
        2200.0,
        2200.0,
        2200.0,
        2800.0,
        2200.0
    ],
    "core_11": [
        3195.264,
        2200.0,
        2200.0,
        2200.0,
        2200.0,
        2200.0,
        3700.0,
        2200.0,
        2200.0,
        2200.0,
        2200.0,
        2200.0
    ]
}