{
    "core_0": [
        4077.523,
        2200.0,
        2200.0,
        2200.0,
        4207.586,
        3362.939,
        3375.088,
        3431.725,
        3420.545,
        2200.0,
        3511.236,
        2200.0,
        2200.0,
        2200.0,
        2200.0
    ],
    "core_1": [
        3642.719,
        2200.0,
        2200.0,
        4366.712,
        4303.435,
        4206.712,
        4227.753,
        4295.283,
        4277.818,
        4281.158,
        4271.911,
        2200.0,
        2200.0,
        4303.361,
        2200.0
    ],
    "core_2": [
        2800.0,
        2200.0,
        2200.0,
        2200.0,
        2200.0,
        4206.704,
        4227.776,
        4295.285,
        4277.83,
        4281.172,
        4271.928,
        4219.792,
        2200.0,
        2200.0,
        3572.743
    ],
    "core_3": [
        2200.0,
        2200.0,
        4391.826,
        4366.71,
        2200.0,
        4206.681,
        3700.0,
        2200.0,
        2200.0,
        2200.0,
        2200.0,
        4219.791,
        4253.936,
        4303.269,
        2200.0
    ],
    "core_4": [
        3700.0,
        3711.147,
        4391.826,
        4366.712,
        4303.476,
        2200.0,
        4227.811,
        4295.279,
        4277.865,
        4281.194,
        2200.0,
        4219.789,
        4253.943,
        4303.243,
        2200.0
    ],
    "core_5": [
        2200.0,
        2200.0,
        3510.901,
        2200.0,
        4303.49,
        4206.663,
        4227.829,
        4295.276,
        4277.877,
        4281.208,
        2200.0,
        4219.785,
        4253.956,
        4303.202,
        2200.0
    ],
    "core_6": [
        3512.694,
        2200.0,
        2200.0,
        2200.0,
        2200.0,
        2200.0,
        2800.0,
        2200.0,
        2200.0,
        2200.0,
        2200.0,
        2200.0,
        2200.0,
        2200.0,
        4473.052
    ],
    "core_7": [
        2200.0,
        2200.0,
        4391.826,
        2200.0,
        3700.0,
        2200.0,
        2800.0,
        2200.0,
        2200.0,
        2200.0,
        2200.0,
        3372.751,
        4253.976,
        3700.0,
        2200.0
    ],
    "core_8": [
        2200.0,
        4641.363,
        4391.828,
        4366.711,
        4303.518,
        2200.0,
        2200.0,
        2200.0,
        2200.0,
        2200.0,
        2200.0,
        2200.0,
        3407.737,
        4126.29,
        2200.0
    ],
    "core_9": [
        3654.139,
        2200.0,
        2200.0,
        2200.0,
        2200.0,
        2200.0,
        2200.0,
        2200.0,
        2200.0,
        3428.723,
        2200.0,
        2200.0,
        2200.0,
        2200.0,
        2200.0
    ],
    "core_10": [
        2200.0,
        2200.0,
        2200.0,
        2200.0,
        2200.0,
        2200.0,
        2200.0,
        2200.0,
        2200.0,
        2200.0,
        4272.06,
        2200.0,
        3700.0,
        2200.0,
        2200.0
    ],
    "core_11": [
        4421.411,
        2200.0,
        2200.0,
        3493.358,
        2200.0,
        2200.0,
        2200.0,
        2200.0,
        2200.0,
        2200.0,
        4272.082,
        2200.0,
        2200.0,
        2200.0,
        2200.0
    ]
}