{
    "core_0": [
        4248.587,
        2200.0,
        3307.644,
        3281.649,
        2200.0,
        3261.594,
        3249.967,
        3409.466,
        3229.499,
        2200.0,
        4059.627,
        3234.73,
        2200.0
    ],
    "core_1": [
        2200.0,
        3711.158,
        2200.0,
        4104.912,
        2200.0,
        2200.0,
        3700.0,
        3700.0,
        3741.16,
        2200.0,
        2200.0,
        4050.923,
        3534.018
    ],
    "core_2": [
        2200.0,
        2200.0,
        2200.0,
        2200.0,
        4082.209,
        3700.0,
        4064.543,
        4057.854,
        4043.194,
        4042.044,
        4052.32,
        4050.921,
        2200.0
    ],
    "core_3": [
        3700.0,
        2200.0,
        4146.782,
        4104.878,
        4082.182,
        4077.875,
        4064.551,
        4057.875,
        4043.197,
        4054.139,
        4052.301,
        2200.0,
        2200.0
    ],
    "core_4": [
        3700.0,
        2200.0,
        4146.78,
        4104.876,
        2200.0,
        4077.902,
        3700.0,
        4057.881,
        4043.194,
        3700.0,
        4052.297,
        4050.902,
        3700.0
    ],
    "core_5": [
        2200.0,
        2200.0,
        2200.0,
        2200.0,
        4082.157,
        4077.943,
        4064.554,
        4057.891,
        4043.198,
        4054.108,
        4052.284,
        4050.891,
        2200.0
    ],
    "core_6": [
        2200.0,
        2200.0,
        2200.0,
        2200.0,
        3255.652,
        2200.0,
        2200.0,
        3700.0,
        2200.0,
        2200.0,
        2200.0,
        2200.0,
        2200.0
    ],
    "core_7": [
        2200.0,
        2200.0,
        4146.772,
        2200.0,
        4082.134,
        4078.006,
        4064.561,
        4057.907,
        2200.0,
        4054.09,
        4052.27,
        2200.0,
        3700.0
    ],
    "core_8": [
        2200.0,
        2200.0,
        4146.766,
        4104.836,
        2200.0,
        4078.029,
        3700.0,
        2800.0,
        2200.0,
        3700.0,
        3700.0,
        2200.0,
        4418.163
    ],
    "core_9": [
        4542.465,
        4641.362,
        2200.0,
        2200.0,
        2200.0,
        3700.0,
        2200.0,
        2200.0,
        2200.0,
        2200.0,
        2200.0,
        4050.868,
        2200.0
    ],
    "core_10": [
        2800.0,
        2200.0,
        2200.0,
        2200.0,
        4082.107,
        2200.0,
        4089.531,
        2200.0,
        2200.0,
        4087.883,
        2200.0,
        2200.0,
        2200.0
    ],
    "core_11": [
        3839.404,
        2200.0,
        4146.762,
        4104.807,
        2200.0,
        2200.0,
        2200.0,
        2200.0,
        2200.0,
        4063.506,
        2200.0,
        2200.0,
        2200.0
    ]
}