{
    "core_0": [
        2200.0,
        2200.0,
        2200.0,
        2200.0,
        2200.0,
        2200.0,
        2200.0,
        2200.0,
        3574.798,
        2200.0,
        2200.0,
        2200.0,
        3580.519,
        2200.0,
        2200.0,
        2200.0,
        2200.0,
        2200.0,
        2200.0,
        2200.0,
        2200.0,
        2200.0,
        2200.0,
        2200.0,
        2200.0
    ],
    "core_1": [
        2200.0,
        2200.0,
        4493.027,
        4484.465,
        4477.229,
        4479.261,
        2200.0,
        4474.563,
        2200.0,
        4474.147,
        4473.613,
        4470.347,
        4470.77,
        4475.089,
        4473.514,
        4472.553,
        2200.0,
        4469.353,
        4472.026,
        2200.0,
        4468.248,
        4466.614,
        4505.345,
        4470.521,
        4468.335
    ],
    "core_2": [
        2200.0,
        3594.501,
        4493.042,
        4484.464,
        2200.0,
        2200.0,
        2200.0,
        2200.0,
        2200.0,
        2200.0,
        2200.0,
        2200.0,
        2200.0,
        2200.0,
        2200.0,
        2200.0,
        2200.0,
        2200.0,
        2200.0,
        2200.0,
        2200.0,
        2200.0,
        4451.695,
        2200.0,
        2200.0
    ],
    "core_3": [
        2200.0,
        2200.0,
        2200.0,
        2200.0,
        2200.0,
        4486.367,
        4482.174,
        4474.601,
        2200.0,
        4474.186,
        4473.599,
        4470.342,
        4470.819,
        2200.0,
        4473.392,
        2200.0,
        4470.92,
        4469.347,
        4472.018,
        4469.371,
        4468.243,
        4466.615,
        2200.0,
        2200.0,
        2200.0
    ],
    "core_4": [
        2200.0,
        2200.0,
        3605.705,
        3589.271,
        3590.419,
        2200.0,
        3585.237,
        3589.12,
        2200.0,
        3587.278,
        2200.0,
        2200.0,
        2200.0,
        2200.0,
        2200.0,
        2200.0,
        2200.0,
        2200.0,
        2200.0,
        2200.0,
        2200.0,
        2200.0,
        2200.0,
        2200.0,
        2200.0
    ],
    "core_5": [
        3721.628,
        4500.071,
        2200.0,
        2200.0,
        2200.0,
        2200.0,
        2200.0,
        2200.0,
        2200.0,
        2200.0,
        3572.251,
        3570.715,
        2200.0,
        2200.0,
        2200.0,
        2200.0,
        3572.116,
        3572.661,
        3574.907,
        3573.769,
        2200.0,
        3571.984,
        2200.0,
        2200.0,
        3575.135
    ],
    "core_6": [
        2200.0,
        2200.0,
        2200.0,
        2200.0,
        2200.0,
        2200.0,
        2200.0,
        2200.0,
        2200.0,
        2200.0,
        2200.0,
        2200.0,
        2200.0,
        2200.0,
        2200.0,
        2200.0,
        2200.0,
        2200.0,
        2200.0,
        2200.0,
        2200.0,
        2200.0,
        2200.0,
        2200.0,
        2200.0
    ],
    "core_7": [
        2200.0,
        2200.0,
        2200.0,
        2200.0,
        2200.0,
        4489.824,
        4482.201,
        3700.0,
        4470.819,
        2200.0,
        2200.0,
        2200.0,
        2200.0,
        2200.0,
        3700.0,
        2200.0,
        4470.909,
        2200.0,
        2200.0,
        4469.368,
        2200.0,
        2200.0,
        3700.0,
        2200.0,
        2200.0
    ],
    "core_8": [
        2800.0,
        2200.0,
        2200.0,
        2200.0,
        4477.301,
        2200.0,
        2200.0,
        2200.0,
        2200.0,
        2200.0,
        2200.0,
        2200.0,
        2200.0,
        2200.0,
        2200.0,
        2200.0,
        2200.0,
        2200.0,
        2200.0,
        2200.0,
        2200.0,
        2200.0,
        2200.0,
        2200.0,
        2200.0
    ],
    "core_9": [
        2200.0,
        2200.0,
        2200.0,
        2200.0,
        2200.0,
        2200.0,
        2200.0,
        2200.0,
        4470.815,
        2200.0,
        2200.0,
        2200.0,
        2200.0,
        4475.037,
        4473.456,
        4472.676,
        3700.0,
        2200.0,
        2200.0,
        2200.0,
        2200.0,
        2200.0,
        4505.723,
        4470.337,
        4468.326
    ],
    "core_10": [
        3271.574,
        2200.0,
        2200.0,
        2200.0,
        2200.0,
        2800.0,
        2200.0,
        2200.0,
        2200.0,
        2200.0,
        2200.0,
        2200.0,
        2200.0,
        2200.0,
        2200.0,
        3625.413,
        2200.0,
        2200.0,
        2200.0,
        2200.0,
        2200.0,
        2200.0,
        2200.0,
        2200.0,
        2200.0
    ],
    "core_11": [
        2800.0,
        2200.0,
        2200.0,
        2200.0,
        2200.0,
        2200.0,
        2200.0,
        2200.0,
        2200.0,
        4448.457,
        2200.0,
        2200.0,
        2200.0,
        3572.963,
        2200.0,
        2200.0,
        2200.0,
        2200.0,
        2200.0,
        2200.0,
        3572.878,
        2200.0,
        2200.0,
        3558.473,
        2200.0
    ]
}