{
    "core_0": [
        2200.0,
        2200.0,
        2200.0,
        3534.519,
        3968.851,
        3950.398,
        4088.232,
        4030.74,
        4306.181,
        4291.995,
        4006.293,
        4313.511,
        4234.403,
        2200.0,
        4041.093
    ],
    "core_1": [
        3736.228,
        2200.0,
        2200.0,
        4413.922,
        2200.0,
        2200.0,
        2200.0,
        3967.48,
        4310.291,
        4292.015,
        4282.487,
        3996.387,
        2200.0,
        2200.0,
        4041.092
    ],
    "core_2": [
        2200.0,
        2200.0,
        4391.827,
        2200.0,
        3879.143,
        3950.435,
        3877.53,
        3932.628,
        4218.576,
        4292.011,
        4010.308,
        4313.608,
        4235.518,
        4391.829,
        3761.901
    ],
    "core_3": [
        4542.399,
        2200.0,
        4391.827,
        4413.928,
        4027.992,
        2200.0,
        3947.756,
        3932.65,
        4306.132,
        2200.0,
        4282.509,
        4313.647,
        4235.526,
        3700.0,
        2200.0
    ],
    "core_4": [
        3874.46,
        2200.0,
        4391.827,
        3700.0,
        3700.0,
        3950.483,
        3947.752,
        3932.659,
        4306.124,
        4292.012,
        4282.515,
        4313.664,
        4235.532,
        4054.987,
        3234.708
    ],
    "core_5": [
        2200.0,
        3711.863,
        2800.0,
        3700.0,
        3968.847,
        3950.509,
        3947.742,
        3932.672,
        4306.108,
        4292.01,
        4282.525,
        4313.689,
        4235.537,
        2200.0,
        4041.099
    ],
    "core_6": [
        2200.0,
        2200.0,
        4391.829,
        3700.0,
        3968.842,
        3950.519,
        3700.0,
        3700.0,
        4306.1,
        4291.999,
        2200.0,
        4313.704,
        4235.539,
        3700.0,
        4041.098
    ],
    "core_7": [
        2200.0,
        2200.0,
        4391.827,
        2200.0,
        3968.843,
        3950.548,
        3983.472,
        2800.0,
        4304.737,
        4292.009,
        4282.542,
        2800.0,
        3738.483,
        3980.874,
        4041.101
    ],
    "core_8": [
        2200.0,
        4641.365,
        2200.0,
        2200.0,
        2200.0,
        2200.0,
        2200.0,
        3932.699,
        2200.0,
        2200.0,
        3700.0,
        3700.0,
        2200.0,
        2200.0,
        2800.0
    ],
    "core_9": [
        2200.0,
        2200.0,
        4391.825,
        3700.0,
        3700.0,
        4070.926,
        2200.0,
        2200.0,
        3700.0,
        3595.808,
        2200.0,
        2200.0,
        2200.0,
        2200.0,
        3738.041
    ],
    "core_10": [
        4041.443,
        2200.0,
        4391.571,
        2200.0,
        4095.5,
        3966.311,
        3947.711,
        4086.643,
        2200.0,
        2200.0,
        2200.0,
        4313.778,
        2200.0,
        2200.0,
        2200.0
    ],
    "core_11": [
        2200.0,
        2200.0,
        3837.532,
        2200.0,
        4089.36,
        2200.0,
        3944.178,
        2200.0,
        2200.0,
        2200.0,
        4028.135,
        2200.0,
        4235.567,
        2200.0,
        2200.0
    ]
}