{
    "core_0": [
        2200.0,
        2200.0,
        2200.0,
        3985.383,
        2200.0,
        2200.0,
        3912.254,
        3796.367,
        3914.519,
        2200.0,
        2200.0,
        3902.092,
        3741.017,
        2200.0
    ],
    "core_1": [
        3696.652,
        3711.024,
        2200.0,
        2200.0,
        4269.864,
        4110.749,
        4012.891,
        3922.98,
        3914.76,
        2800.0,
        4153.756,
        3902.08,
        3908.804,
        4212.381
    ],
    "core_2": [
        3685.388,
        2200.0,
        3983.544,
        3700.0,
        4269.861,
        4119.279,
        3912.265,
        2800.0,
        3980.58,
        4147.383,
        3814.54,
        3748.137,
        3908.817,
        2800.0
    ],
    "core_3": [
        2200.0,
        2200.0,
        2200.0,
        3700.0,
        2200.0,
        2200.0,
        4004.27,
        3922.966,
        2200.0,
        4005.19,
        2200.0,
        3564.506,
        3908.833,
        2200.0
    ],
    "core_4": [
        2200.0,
        2200.0,
        3983.503,
        4079.079,
        4269.855,
        4119.344,
        3916.903,
        3922.961,
        3914.77,
        3408.285,
        3700.0,
        3902.045,
        3700.0,
        4212.326
    ],
    "core_5": [
        2200.0,
        2200.0,
        3983.477,
        4304.954,
        4269.849,
        4119.378,
        3912.284,
        3922.952,
        3914.776,
        3700.0,
        4153.711,
        3902.032,
        3908.852,
        2200.0
    ],
    "core_6": [
        2200.0,
        2200.0,
        3983.471,
        2200.0,
        4045.584,
        4119.401,
        3912.289,
        2200.0,
        3700.0,
        3700.0,
        4153.702,
        2200.0,
        2200.0,
        3384.037
    ],
    "core_7": [
        3477.253,
        2200.0,
        3983.448,
        4305.056,
        4269.845,
        3944.172,
        3913.937,
        3919.45,
        3914.779,
        3700.0,
        4153.688,
        3902.012,
        3908.872,
        4212.279
    ],
    "core_8": [
        3700.0,
        4641.365,
        3983.432,
        4046.906,
        4269.842,
        4119.45,
        3912.299,
        3544.251,
        3700.0,
        4147.484,
        3625.123,
        3780.907,
        3914.242,
        3700.0
    ],
    "core_9": [
        2200.0,
        2200.0,
        3814.533,
        2200.0,
        4157.162,
        4119.488,
        3700.0,
        3922.925,
        3914.787,
        2200.0,
        3994.421,
        2200.0,
        3908.892,
        4212.252
    ],
    "core_10": [
        2200.0,
        2200.0,
        3972.322,
        3516.38,
        2200.0,
        2200.0,
        3912.309,
        3922.922,
        3914.789,
        2200.0,
        4038.534,
        2200.0,
        4001.752,
        4212.244
    ],
    "core_11": [
        2200.0,
        2200.0,
        3983.381,
        2200.0,
        4053.604,
        4119.533,
        2200.0,
        2200.0,
        4026.292,
        4147.53,
        4153.651,
        3901.977,
        2200.0,
        2200.0
    ]
}