{
    "core_0": [
        2200.0,
        2200.0,
        2200.0,
        2200.0,
        2200.0,
        2200.0,
        2200.0,
        3506.498,
        2200.0,
        2200.0,
        2200.0,
        2200.0,
        2200.0,
        2200.0,
        2200.0,
        2200.0,
        2200.0,
        3553.95,
        2200.0,
        3568.315,
        2200.0,
        4336.014,
        2200.0,
        2200.0,
        2200.0
    ],
    "core_1": [
        2200.0,
        2200.0,
        4510.492,
        4488.752,
        2200.0,
        4475.858,
        4472.666,
        4471.888,
        2200.0,
        4466.642,
        4449.229,
        2200.0,
        4437.218,
        4431.73,
        4431.718,
        4430.026,
        2200.0,
        4455.209,
        4458.046,
        4467.774,
        4456.675,
        4463.808,
        2200.0,
        2200.0,
        2200.0
    ],
    "core_2": [
        2200.0,
        2200.0,
        4510.479,
        4488.753,
        4478.694,
        2200.0,
        2200.0,
        4471.88,
        4466.642,
        4466.643,
        2200.0,
        2200.0,
        2200.0,
        2200.0,
        2200.0,
        2200.0,
        2200.0,
        4455.204,
        4458.052,
        3700.0,
        4456.685,
        2200.0,
        4462.349,
        4455.271,
        4456.641
    ],
    "core_3": [
        4318.139,
        2200.0,
        2200.0,
        3591.328,
        2200.0,
        2200.0,
        2200.0,
        2200.0,
        2200.0,
        2200.0,
        3554.443,
        2200.0,
        2200.0,
        3552.356,
        3546.853,
        2200.0,
        3552.826,
        2200.0,
        3568.554,
        2200.0,
        2200.0,
        2200.0,
        2200.0,
        2200.0,
        2200.0
    ],
    "core_4": [
        2200.0,
        2200.0,
        2200.0,
        3565.914,
        2200.0,
        2200.0,
        2200.0,
        2200.0,
        3573.731,
        2200.0,
        2200.0,
        2200.0,
        2200.0,
        2200.0,
        2200.0,
        3552.91,
        2200.0,
        2200.0,
        2200.0,
        3572.214,
        2200.0,
        4463.817,
        4462.356,
        2200.0,
        4456.661
    ],
    "core_5": [
        3882.064,
        3712.131,
        2200.0,
        2200.0,
        2200.0,
        2200.0,
        2200.0,
        2200.0,
        2200.0,
        2200.0,
        4449.199,
        2200.0,
        2200.0,
        2200.0,
        4431.762,
        4429.97,
        4437.397,
        2200.0,
        2200.0,
        2200.0,
        2200.0,
        2200.0,
        2200.0,
        2200.0,
        2200.0
    ],
    "core_6": [
        3700.0,
        2200.0,
        2200.0,
        2200.0,
        2200.0,
        2200.0,
        2200.0,
        2200.0,
        2200.0,
        2200.0,
        2200.0,
        2200.0,
        2200.0,
        2200.0,
        2200.0,
        2200.0,
        2200.0,
        2200.0,
        2200.0,
        2200.0,
        2200.0,
        2200.0,
        2200.0,
        2200.0,
        2200.0
    ],
    "core_7": [
        2200.0,
        2200.0,
        2200.0,
        2200.0,
        4478.753,
        2200.0,
        2200.0,
        2200.0,
        4466.641,
        2200.0,
        2200.0,
        4448.746,
        3700.0,
        2200.0,
        3700.0,
        2200.0,
        4437.402,
        2200.0,
        2200.0,
        2200.0,
        2200.0,
        2200.0,
        2200.0,
        2200.0,
        2200.0
    ],
    "core_8": [
        2200.0,
        2200.0,
        2200.0,
        2200.0,
        2200.0,
        4475.942,
        4472.773,
        2200.0,
        2200.0,
        2200.0,
        2200.0,
        2200.0,
        2200.0,
        2200.0,
        2200.0,
        2200.0,
        2200.0,
        2200.0,
        2200.0,
        4467.77,
        3700.0,
        2200.0,
        2200.0,
        2200.0,
        2200.0
    ],
    "core_9": [
        2800.0,
        2200.0,
        3595.421,
        2200.0,
        3588.921,
        3591.115,
        3587.372,
        3572.454,
        2200.0,
        3572.706,
        2200.0,
        3554.555,
        3549.965,
        2200.0,
        2200.0,
        2200.0,
        2200.0,
        2200.0,
        2200.0,
        2200.0,
        2200.0,
        2200.0,
        2200.0,
        3736.647,
        3560.731
    ],
    "core_10": [
        3888.447,
        4641.365,
        2200.0,
        2200.0,
        2200.0,
        2200.0,
        2200.0,
        2200.0,
        2200.0,
        2200.0,
        2200.0,
        2200.0,
        2200.0,
        2200.0,
        2200.0,
        2200.0,
        2200.0,
        2200.0,
        2200.0,
        2200.0,
        4477.115,
        2200.0,
        2200.0,
        4455.337,
        2200.0
    ],
    "core_11": [
        2200.0,
        2200.0,
        2200.0,
        2200.0,
        2200.0,
        2200.0,
        2200.0,
        2200.0,
        2200.0,
        2200.0,
        2200.0,
        4448.726,
        4437.252,
        4431.808,
        2200.0,
        2200.0,
        2200.0,
        2200.0,
        2200.0,
        2200.0,
        2200.0,
        2200.0,
        4408.449,
        2200.0,
        2200.0
    ]
}