{
    "core_0": [
        2200.0,
        2200.0,
        3757.186,
        4136.868,
        3909.718,
        4085.598,
        3954.991,
        3700.0,
        3955.357,
        3875.784,
        3700.0,
        2200.0,
        3890.743
    ],
    "core_1": [
        4583.094,
        2200.0,
        3940.555,
        3965.274,
        2800.0,
        4050.573,
        2200.0,
        3873.059,
        4079.282,
        3880.547,
        3873.058,
        4005.361,
        3890.744
    ],
    "core_2": [
        2200.0,
        2200.0,
        3940.534,
        4136.805,
        3909.733,
        4085.616,
        4162.316,
        3700.0,
        3700.0,
        3952.332,
        3873.056,
        4005.371,
        2200.0
    ],
    "core_3": [
        2200.0,
        2200.0,
        3940.489,
        2200.0,
        3909.748,
        2200.0,
        3345.39,
        3872.82,
        2200.0,
        3875.75,
        3700.0,
        4008.1,
        3896.937
    ],
    "core_4": [
        3653.863,
        3689.823,
        3940.473,
        3847.468,
        3909.753,
        4085.634,
        4162.378,
        3873.042,
        4079.316,
        3875.747,
        3867.593,
        2200.0,
        3890.753
    ],
    "core_5": [
        2200.0,
        2200.0,
        3940.437,
        4136.678,
        3778.51,
        4085.648,
        4162.403,
        3873.034,
        4079.332,
        3875.732,
        3873.032,
        4005.417,
        3890.757
    ],
    "core_6": [
        2800.0,
        2200.0,
        2200.0,
        4136.658,
        3909.767,
        4085.653,
        3700.0,
        3867.794,
        4079.339,
        3875.722,
        3959.068,
        4005.428,
        3890.759
    ],
    "core_7": [
        2200.0,
        4622.03,
        3940.39,
        3700.0,
        3717.805,
        4085.666,
        4162.448,
        3873.023,
        4079.351,
        3700.0,
        3873.021,
        4005.443,
        3890.763
    ],
    "core_8": [
        2200.0,
        2200.0,
        4036.937,
        4136.592,
        3909.782,
        4085.671,
        4162.46,
        3867.141,
        4080.166,
        3593.004,
        3873.015,
        4005.451,
        3925.485
    ],
    "core_9": [
        2200.0,
        2200.0,
        3940.339,
        4136.552,
        3909.792,
        3995.754,
        2200.0,
        3920.909,
        4079.371,
        3875.698,
        3153.726,
        4005.47,
        3581.673
    ],
    "core_10": [
        2200.0,
        2200.0,
        2200.0,
        3708.582,
        2200.0,
        2200.0,
        4162.498,
        3873.008,
        4079.378,
        2200.0,
        3873.005,
        2800.0,
        3890.769
    ],
    "core_11": [
        2200.0,
        2200.0,
        3940.293,
        3975.835,
        3853.498,
        4085.754,
        3700.0,
        3872.997,
        4079.391,
        3875.682,
        3872.997,
        3905.807,
        2200.0
    ]
}