{
    "core_0": [
        2200.0,
        2200.0,
        3980.497,
        3976.301,
        3914.294,
        3899.746,
        3859.677,
        3837.364,
        3835.982,
        4055.202,
        3886.12
    ],
    "core_1": [
        4624.269,
        4639.537,
        3984.998,
        3976.295,
        3914.185,
        3899.738,
        3859.689,
        3837.371,
        3835.991,
        2200.0,
        3881.583
    ],
    "core_2": [
        3694.979,
        3699.321,
        3980.515,
        3976.289,
        3914.299,
        3899.734,
        3859.695,
        3837.375,
        3835.996,
        4055.591,
        3881.588
    ],
    "core_3": [
        2200.0,
        2200.0,
        3980.535,
        3976.275,
        3914.305,
        3899.722,
        3859.717,
        3837.387,
        3836.012,
        4055.985,
        3881.604
    ],
    "core_4": [
        2200.0,
        2200.0,
        3980.542,
        3976.274,
        3914.305,
        3899.718,
        3859.721,
        3837.387,
        3836.015,
        4056.128,
        3881.61
    ],
    "core_5": [
        3589.783,
        2200.0,
        3980.552,
        3976.265,
        3914.307,
        3899.713,
        3859.735,
        3837.4,
        3836.026,
        4056.392,
        3881.62
    ],
    "core_6": [
        2200.0,
        2200.0,
        3980.558,
        3976.261,
        3914.308,
        3899.707,
        3859.738,
        3837.401,
        3842.185,
        4056.52,
        3881.628
    ],
    "core_7": [
        2200.0,
        2200.0,
        3980.573,
        3976.253,
        3914.561,
        3892.27,
        3859.751,
        3842.38,
        3836.039,
        3869.863,
        3881.636
    ],
    "core_8": [
        2200.0,
        2200.0,
        3980.579,
        3976.247,
        3914.315,
        3899.696,
        3859.76,
        3837.415,
        3836.047,
        4056.944,
        3881.644
    ],
    "core_9": [
        2200.0,
        2200.0,
        3980.591,
        3968.083,
        3914.316,
        3899.689,
        3859.772,
        3837.421,
        3836.055,
        4233.846,
        3881.652
    ],
    "core_10": [
        2200.0,
        2200.0,
        3980.598,
        3976.236,
        3914.32,
        3899.683,
        3859.778,
        3837.426,
        3836.06,
        4057.321,
        3881.659
    ],
    "core_11": [
        2800.0,
        2200.0,
        3980.608,
        3976.227,
        3914.321,
        3899.677,
        3865.778,
        3837.434,
        3836.068,
        4057.562,
        3881.669
    ]
}